{"total": {"lines":{"total":187,"covered":160,"skipped":0,"pct":85.56},"statements":{"total":207,"covered":179,"skipped":0,"pct":86.47},"functions":{"total":40,"covered":30,"skipped":0,"pct":75},"branches":{"total":56,"covered":39,"skipped":0,"pct":69.64},"branchesTrue":{"total":0,"covered":0,"skipped":0,"pct":100}}
,"/Users/flor/workspase/work/vgs-collect-js-private/src/index.ts": {"lines":{"total":32,"covered":24,"skipped":0,"pct":75},"functions":{"total":5,"covered":3,"skipped":0,"pct":60},"statements":{"total":33,"covered":25,"skipped":0,"pct":75.75},"branches":{"total":13,"covered":7,"skipped":0,"pct":53.84}}
,"/Users/flor/workspase/work/vgs-collect-js-private/src/constants/index.ts": {"lines":{"total":19,"covered":17,"skipped":0,"pct":89.47},"functions":{"total":4,"covered":2,"skipped":0,"pct":50},"statements":{"total":19,"covered":17,"skipped":0,"pct":89.47},"branches":{"total":0,"covered":0,"skipped":0,"pct":100}}
,"/Users/flor/workspase/work/vgs-collect-js-private/src/sideEffects/preConnect.ts": {"lines":{"total":6,"covered":6,"skipped":0,"pct":100},"functions":{"total":1,"covered":1,"skipped":0,"pct":100},"statements":{"total":6,"covered":6,"skipped":0,"pct":100},"branches":{"total":0,"covered":0,"skipped":0,"pct":100}}
,"/Users/flor/workspase/work/vgs-collect-js-private/src/sideEffects/preFetch.ts": {"lines":{"total":6,"covered":6,"skipped":0,"pct":100},"functions":{"total":1,"covered":1,"skipped":0,"pct":100},"statements":{"total":6,"covered":6,"skipped":0,"pct":100},"branches":{"total":0,"covered":0,"skipped":0,"pct":100}}
,"/Users/flor/workspase/work/vgs-collect-js-private/src/utils/appendElement.ts": {"lines":{"total":13,"covered":12,"skipped":0,"pct":92.3},"functions":{"total":2,"covered":2,"skipped":0,"pct":100},"statements":{"total":14,"covered":13,"skipped":0,"pct":92.85},"branches":{"total":3,"covered":1,"skipped":0,"pct":33.33}}
,"/Users/flor/workspase/work/vgs-collect-js-private/src/utils/config.ts": {"lines":{"total":7,"covered":7,"skipped":0,"pct":100},"functions":{"total":2,"covered":2,"skipped":0,"pct":100},"statements":{"total":9,"covered":9,"skipped":0,"pct":100},"branches":{"total":1,"covered":1,"skipped":0,"pct":100}}
,"/Users/flor/workspase/work/vgs-collect-js-private/src/utils/initCollect.ts": {"lines":{"total":4,"covered":2,"skipped":0,"pct":50},"functions":{"total":3,"covered":0,"skipped":0,"pct":0},"statements":{"total":5,"covered":2,"skipped":0,"pct":40},"branches":{"total":1,"covered":0,"skipped":0,"pct":0}}
,"/Users/flor/workspase/work/vgs-collect-js-private/src/utils/loadScript.ts": {"lines":{"total":44,"covered":32,"skipped":0,"pct":72.72},"functions":{"total":6,"covered":4,"skipped":0,"pct":66.66},"statements":{"total":52,"covered":40,"skipped":0,"pct":76.92},"branches":{"total":14,"covered":7,"skipped":0,"pct":50}}
,"/Users/flor/workspase/work/vgs-collect-js-private/src/utils/parseVersion.ts": {"lines":{"total":18,"covered":18,"skipped":0,"pct":100},"functions":{"total":2,"covered":2,"skipped":0,"pct":100},"statements":{"total":20,"covered":20,"skipped":0,"pct":100},"branches":{"total":10,"covered":9,"skipped":0,"pct":90}}
,"/Users/flor/workspase/work/vgs-collect-js-private/src/utils/trackEvent.ts": {"lines":{"total":18,"covered":16,"skipped":0,"pct":88.88},"functions":{"total":4,"covered":3,"skipped":0,"pct":75},"statements":{"total":22,"covered":20,"skipped":0,"pct":90.9},"branches":{"total":0,"covered":0,"skipped":0,"pct":100}}
,"/Users/flor/workspase/work/vgs-collect-js-private/src/utils/validation.ts": {"lines":{"total":20,"covered":20,"skipped":0,"pct":100},"functions":{"total":10,"covered":10,"skipped":0,"pct":100},"statements":{"total":21,"covered":21,"skipped":0,"pct":100},"branches":{"total":14,"covered":14,"skipped":0,"pct":100}}
}
